BOARD_CONFIG=mt7682_hdk
IC2_CONFIG=mt5932
IC_CONFIG=mt7682
LP_DEMO=n
MTK_BOOTLOADER_USE_MBEDTLS=n
MTK_BSP_LOOPBACK_ENABLE=n
MTK_BUILD_SMT_LOAD=n
MTK_CLI_TEST_MODE_ENABLE=y
MTK_CM4_WIFI_TASK_ENABLE=y
MTK_DEBUG_LEVEL=info
MTK_FW_VERSION=undefined
MTK_HAL_LOWPOWER_ENABLE=y
MTK_HEAP_SIZE_GUARD_ENABLE=n
MTK_HIF_GDMA_ENABLE=y
MTK_IPERF_ENABLE=y
MTK_LWIP_ENABLE=y
MTK_MAIN_CONSOLE_UART2_ENABLE=n
MTK_MEMORY_WITHOUT_PSRAM=y
MTK_MEMORY_WITHOUT_PSRAM_FLASH=n
MTK_MEMORY_WITH_PSRAM_FLASH=n
MTK_MINICLI_ENABLE=y
MTK_MPERF_ENABLE=n
MTK_NO_PSRAM_ENABLE=y
MTK_NVDM_ENABLE=y
MTK_OS_CPU_UTILIZATION_ENABLE=y
MTK_PING_OUT_ENABLE=y
MTK_ROM_VER=e2
MTK_SECURE_BOOT_ENABLE=n
MTK_SMTCN_V5_ENABLE=y
MTK_SUPPORT_HEAP_DEBUG=n
MTK_SWLA_ENABLE=n
MTK_SYSTEM_HANG_CHECK_ENABLE=n
MTK_USER_FAST_TX_ENABLE=n
MTK_WIFI_CONFIGURE_FREE_ENABLE=n
MTK_WIFI_PROFILE_ENABLE=y
MTK_WIFI_ROM_ENABLE=y
MTK_WIFI_TGN_VERIFY_ENABLE=n
PROJ_NAME=iot_sdk_demo
